# JRE version: Java(TM) SE Runtime Environment (8.0_74-b02) (build 1.8.0_74-b02)
# Java VM: Java HotSpot(TM) 64-Bit Server VM (25.74-b02 mixed mode windows-amd64 compressed oops)
Heap:
 PSYoungGen      total 137728K, used 2478K [0x00000000eb580000, 0x00000000f9200000, 0x0000000100000000)
  eden space 124928K, 1% used [0x00000000eb580000,0x00000000eb7eb930,0x00000000f2f80000)
  from space 12800K, 0% used [0x00000000f2f80000,0x00000000f2f80000,0x00000000f3c00000)
  to   space 12800K, 0% used [0x00000000f8580000,0x00000000f8580000,0x00000000f9200000)
 ParOldGen       total 54272K, used 23770K [0x00000000c2000000, 0x00000000c5500000, 0x00000000eb580000)
  object space 54272K, 43% used [0x00000000c2000000,0x00000000c3736ac8,0x00000000c5500000)
 Metaspace       used 21097K, capacity 21434K, committed 21504K, reserved 1069056K
  class space    used 2680K, capacity 2771K, committed 2816K, reserved 1048576K
GC Heap History (10 events):
Event: 2.400 GC heap before
{Heap before GC invocations=6 (full 0):
 PSYoungGen      total 34304K, used 34290K [0x00000000eb580000, 0x00000000f0680000, 0x0000000100000000)
  eden space 31744K, 100% used [0x00000000eb580000,0x00000000ed480000,0x00000000ed480000)
  from space 2560K, 99% used [0x00000000ed480000,0x00000000ed6fcb20,0x00000000ed700000)
  to   space 9728K, 0% used [0x00000000efd00000,0x00000000efd00000,0x00000000f0680000)
 ParOldGen       total 42496K, used 15894K [0x00000000c2000000, 0x00000000c4980000, 0x00000000eb580000)
  object space 42496K, 37% used [0x00000000c2000000,0x00000000c2f85928,0x00000000c4980000)
 Metaspace       used 16083K, capacity 16232K, committed 16512K, reserved 1062912K
  class space    used 2150K, capacity 2176K, committed 2176K, reserved 1048576K
Event: 2.411 GC heap after
Heap after GC invocations=6 (full 0):
 PSYoungGen      total 72192K, used 8856K [0x00000000eb580000, 0x00000000f0880000, 0x0000000100000000)
  eden space 62464K, 0% used [0x00000000eb580000,0x00000000eb580000,0x00000000ef280000)
  from space 9728K, 91% used [0x00000000efd00000,0x00000000f05a6300,0x00000000f0680000)
  to   space 10752K, 0% used [0x00000000ef280000,0x00000000ef280000,0x00000000efd00000)
 ParOldGen       total 42496K, used 15902K [0x00000000c2000000, 0x00000000c4980000, 0x00000000eb580000)
  object space 42496K, 37% used [0x00000000c2000000,0x00000000c2f87928,0x00000000c4980000)
 Metaspace       used 16083K, capacity 16232K, committed 16512K, reserved 1062912K
  class space    used 2150K, capacity 2176K, committed 2176K, reserved 1048576K
}
Event: 4.070 GC heap before
{Heap before GC invocations=7 (full 0):
 PSYoungGen      total 72192K, used 71320K [0x00000000eb580000, 0x00000000f0880000, 0x0000000100000000)
  eden space 62464K, 100% used [0x00000000eb580000,0x00000000ef280000,0x00000000ef280000)
  from space 9728K, 91% used [0x00000000efd00000,0x00000000f05a6300,0x00000000f0680000)
  to   space 10752K, 0% used [0x00000000ef280000,0x00000000ef280000,0x00000000efd00000)
 ParOldGen       total 42496K, used 15902K [0x00000000c2000000, 0x00000000c4980000, 0x00000000eb580000)
  object space 42496K, 37% used [0x00000000c2000000,0x00000000c2f87928,0x00000000c4980000)
 Metaspace       used 19613K, capacity 19794K, committed 20096K, reserved 1067008K
  class space    used 2540K, capacity 2599K, committed 2688K, reserved 1048576K
Event: 4.103 GC heap after
Heap after GC invocations=7 (full 0):
 PSYoungGen      total 73216K, used 10733K [0x00000000eb580000, 0x00000000f4980000, 0x0000000100000000)
  eden space 62464K, 0% used [0x00000000eb580000,0x00000000eb580000,0x00000000ef280000)
  from space 10752K, 99% used [0x00000000ef280000,0x00000000efcfb480,0x00000000efd00000)
  to   space 13312K, 0% used [0x00000000f3c80000,0x00000000f3c80000,0x00000000f4980000)
 ParOldGen       total 42496K, used 17266K [0x00000000c2000000, 0x00000000c4980000, 0x00000000eb580000)
  object space 42496K, 40% used [0x00000000c2000000,0x00000000c30dcb68,0x00000000c4980000)
 Metaspace       used 19613K, capacity 19794K, committed 20096K, reserved 1067008K
  class space    used 2540K, capacity 2599K, committed 2688K, reserved 1048576K
}
Event: 4.812 GC heap before
{Heap before GC invocations=8 (full 0):
 PSYoungGen      total 73216K, used 73197K [0x00000000eb580000, 0x00000000f4980000, 0x0000000100000000)
  eden space 62464K, 100% used [0x00000000eb580000,0x00000000ef280000,0x00000000ef280000)
  from space 10752K, 99% used [0x00000000ef280000,0x00000000efcfb480,0x00000000efd00000)
  to   space 13312K, 0% used [0x00000000f3c80000,0x00000000f3c80000,0x00000000f4980000)
 ParOldGen       total 42496K, used 17266K [0x00000000c2000000, 0x00000000c4980000, 0x00000000eb580000)
  object space 42496K, 40% used [0x00000000c2000000,0x00000000c30dcb68,0x00000000c4980000)
 Metaspace       used 20036K, capacity 20232K, committed 20352K, reserved 1067008K
  class space    used 2561K, capacity 2608K, committed 2688K, reserved 1048576K
Event: 4.823 GC heap after
Heap after GC invocations=8 (full 0):
 PSYoungGen      total 137216K, used 8028K [0x00000000eb580000, 0x00000000f4880000, 0x0000000100000000)
  eden space 124928K, 0% used [0x00000000eb580000,0x00000000eb580000,0x00000000f2f80000)
  from space 12288K, 65% used [0x00000000f3c80000,0x00000000f44570a8,0x00000000f4880000)
  to   space 12800K, 0% used [0x00000000f2f80000,0x00000000f2f80000,0x00000000f3c00000)
 ParOldGen       total 42496K, used 17911K [0x00000000c2000000, 0x00000000c4980000, 0x00000000eb580000)
  object space 42496K, 42% used [0x00000000c2000000,0x00000000c317dc10,0x00000000c4980000)
 Metaspace       used 20036K, capacity 20232K, committed 20352K, reserved 1067008K
  class space    used 2561K, capacity 2608K, committed 2688K, reserved 1048576K
}
Event: 5.385 GC heap before
{Heap before GC invocations=9 (full 0):
 PSYoungGen      total 137216K, used 38092K [0x00000000eb580000, 0x00000000f4880000, 0x0000000100000000)
  eden space 124928K, 24% used [0x00000000eb580000,0x00000000ed2dc210,0x00000000f2f80000)
  from space 12288K, 65% used [0x00000000f3c80000,0x00000000f44570a8,0x00000000f4880000)
  to   space 12800K, 0% used [0x00000000f2f80000,0x00000000f2f80000,0x00000000f3c00000)
 ParOldGen       total 42496K, used 17911K [0x00000000c2000000, 0x00000000c4980000, 0x00000000eb580000)
  object space 42496K, 42% used [0x00000000c2000000,0x00000000c317dc10,0x00000000c4980000)
 Metaspace       used 20893K, capacity 21114K, committed 21248K, reserved 1067008K
  class space    used 2651K, capacity 2707K, committed 2816K, reserved 1048576K
Event: 5.395 GC heap after
Heap after GC invocations=9 (full 0):
 PSYoungGen      total 137728K, used 5378K [0x00000000eb580000, 0x00000000f9200000, 0x0000000100000000)
  eden space 124928K, 0% used [0x00000000eb580000,0x00000000eb580000,0x00000000f2f80000)
  from space 12800K, 42% used [0x00000000f2f80000,0x00000000f34c0aa8,0x00000000f3c00000)
  to   space 12800K, 0% used [0x00000000f8580000,0x00000000f8580000,0x00000000f9200000)
 ParOldGen       total 42496K, used 21094K [0x00000000c2000000, 0x00000000c4980000, 0x00000000eb580000)
  object space 42496K, 49% used [0x00000000c2000000,0x00000000c34999e8,0x00000000c4980000)
 Metaspace       used 20893K, capacity 21114K, committed 21248K, reserved 1067008K
  class space    used 2651K, capacity 2707K, committed 2816K, reserved 1048576K
}
Event: 5.395 GC heap before
{Heap before GC invocations=10 (full 1):
 PSYoungGen      total 137728K, used 5378K [0x00000000eb580000, 0x00000000f9200000, 0x0000000100000000)
  eden space 124928K, 0% used [0x00000000eb580000,0x00000000eb580000,0x00000000f2f80000)
  from space 12800K, 42% used [0x00000000f2f80000,0x00000000f34c0aa8,0x00000000f3c00000)
  to   space 12800K, 0% used [0x00000000f8580000,0x00000000f8580000,0x00000000f9200000)
 ParOldGen       total 42496K, used 21094K [0x00000000c2000000, 0x00000000c4980000, 0x00000000eb580000)
  object space 42496K, 49% used [0x00000000c2000000,0x00000000c34999e8,0x00000000c4980000)
 Metaspace       used 20893K, capacity 21114K, committed 21248K, reserved 1067008K
  class space    used 2651K, capacity 2707K, committed 2816K, reserved 1048576K
Event: 5.494 GC heap after
Heap after GC invocations=10 (full 1):
 PSYoungGen      total 137728K, used 0K [0x00000000eb580000, 0x00000000f9200000, 0x0000000100000000)
  eden space 124928K, 0% used [0x00000000eb580000,0x00000000eb580000,0x00000000f2f80000)
  from space 12800K, 0% used [0x00000000f2f80000,0x00000000f2f80000,0x00000000f3c00000)
  to   space 12800K, 0% used [0x00000000f8580000,0x00000000f8580000,0x00000000f9200000)
 ParOldGen       total 54272K, used 23770K [0x00000000c2000000, 0x00000000c5500000, 0x00000000eb580000)
  object space 54272K, 43% used [0x00000000c2000000,0x00000000c3736ac8,0x00000000c5500000)
 Metaspace       used 20893K, capacity 21114K, committed 21248K, reserved 1067008K
  class space    used 2651K, capacity 2707K, committed 2816K, reserved 1048576K
}

